[WRN][1658090465.0514440536] /home/neandreev/.antigen/antigen.zsh:266
[WRN][1658090465.0514440536] -antigen-interactive-mode: filecode:file:shfunc:shfunc $_ANTIGEN_INTERACTIVE = 
[WRN][1658090465.0515732765] /home/neandreev/.antigen/antigen.zsh:1572
[WRN][1658090465.0515732765] -antigen-lock-init return code was 0
[LOG][1658090465.0516092777] /home/neandreev/.antigen/antigen.zsh:1574
[LOG][1658090465.0516092777] LOADED EXTENSION lock EXT
[WRN][1658090465.0521435738] /home/neandreev/.antigen/antigen.zsh:1684
[WRN][1658090465.0521435738] Init parallel extension PARALLEL
[WRN][1658090465.0521776676] /home/neandreev/.antigen/antigen.zsh:266
[WRN][1658090465.0521776676] -antigen-interactive-mode: filecode:file:shfunc:shfunc:shfunc:eval:shfunc:shfunc $_ANTIGEN_INTERACTIVE = 
[WRN][1658090465.0522067547] /home/neandreev/.antigen/antigen.zsh:1572
[WRN][1658090465.0522067547] -antigen-parallel-init return code was 0
[LOG][1658090465.0522248745] /home/neandreev/.antigen/antigen.zsh:1574
[LOG][1658090465.0522248745] LOADED EXTENSION parallel EXT
[WRN][1658090465.0522420406] /home/neandreev/.antigen/antigen.zsh:1692
[WRN][1658090465.0522420406] Exec parallel extension PARALLEL
[WRN][1658090465.0523326397] /home/neandreev/.antigen/antigen.zsh:266
[WRN][1658090465.0523326397] -antigen-interactive-mode: filecode:file:shfunc:shfunc:shfunc:eval:shfunc:shfunc $_ANTIGEN_INTERACTIVE = 
[WRN][1658090465.0523593426] /home/neandreev/.antigen/antigen.zsh:1572
[WRN][1658090465.0523593426] -antigen-defer-init return code was 0
[LOG][1658090465.0523750782] /home/neandreev/.antigen/antigen.zsh:1574
[LOG][1658090465.0523750782] LOADED EXTENSION defer EXT
[WRN][1658090465.0527327061] /home/neandreev/.antigen/antigen.zsh:266
[WRN][1658090465.0527327061] -antigen-interactive-mode: filecode:file:shfunc:shfunc:shfunc:eval:shfunc:shfunc $_ANTIGEN_INTERACTIVE = 
[WRN][1658090465.0528120995] /home/neandreev/.antigen/antigen.zsh:1572
[WRN][1658090465.0528120995] -antigen-cache-init return code was 0
[LOG][1658090465.0528817177] /home/neandreev/.antigen/antigen.zsh:1574
[LOG][1658090465.0528817177] LOADED EXTENSION cache EXT
[WRN][1658090465.0535690784] /home/neandreev/.antigen/antigen.zsh:1469
[WRN][1658090465.0535690784] Updated meta: target antigen mode once type pre called 1
[WRN][1658090465.0536088943] /home/neandreev/.antigen/antigen.zsh:1484
[WRN][1658090465.0536088943] Processing hooks: antigen-lock
[WRN][1658090465.0536298752] /home/neandreev/.antigen/antigen.zsh:1487
[WRN][1658090465.0536298752] Pre hook: antigen-lock use oh-my-zsh
[LOG][1658090465.0536484718] /home/neandreev/.antigen/antigen.zsh:1658
[LOG][1658090465.0536484718] antigen-lock called
[WRN][1658090465.0536682606] /home/neandreev/.antigen/antigen.zsh:1669
[WRN][1658090465.0536682606] Creating antigen-lock file at /home/neandreev/.antigen/.lock
[WRN][1658090465.0547723770] /home/neandreev/.antigen/antigen.zsh:1505
[WRN][1658090465.0547723770] -antigen-hook-antigen use oh-my-zsh
[WRN][1658090465.0548648834] /home/neandreev/.antigen/antigen.zsh:1469
[WRN][1658090465.0548648834] Updated meta: target antigen-bundle mode repeat type replace called 1
[WRN][1658090465.0549030304] /home/neandreev/.antigen/antigen.zsh:1469
[WRN][1658090465.0549030304] Updated meta: target antigen-bundle mode repeat type pre called 1
[WRN][1658090465.0549249649] /home/neandreev/.antigen/antigen.zsh:1484
[WRN][1658090465.0549249649] Processing hooks: antigen-bundle-defer antigen-bundle-cached
[WRN][1658090465.0549423695] /home/neandreev/.antigen/antigen.zsh:1487
[WRN][1658090465.0549423695] Pre hook: antigen-bundle-cached --loc=lib
[WRN][1658090465.0549714565] /home/neandreev/.antigen/antigen.zsh:1498
[WRN][1658090465.0549714565] Replace hook: antigen-bundle-defer --loc=lib
[WRN][1658090465.0549967289] /home/neandreev/.antigen/antigen.zsh:1500
[WRN][1658090465.0549967289] antigen-bundle-defer shortcircuited
[LOG][1658090465.0550301075] /home/neandreev/.antigen/antigen.zsh:1518
[LOG][1658090465.0550301075] Return from hook antigen with 0
[WRN][1658090465.0550794601] /home/neandreev/.antigen/antigen.zsh:1462
[WRN][1658090465.0550794601] Ignoring hook due to mode once: antigen-lock
[WRN][1658090465.0551004410] /home/neandreev/.antigen/antigen.zsh:1484
[WRN][1658090465.0551004410] Processing hooks: antigen-lock
[WRN][1658090465.0551195145] /home/neandreev/.antigen/antigen.zsh:1505
[WRN][1658090465.0551195145] -antigen-hook-antigen bundle git
[WRN][1658090465.0551693439] /home/neandreev/.antigen/antigen.zsh:1469
[WRN][1658090465.0551693439] Updated meta: target antigen-bundle mode repeat type replace called 2
[WRN][1658090465.0552003384] /home/neandreev/.antigen/antigen.zsh:1469
[WRN][1658090465.0552003384] Updated meta: target antigen-bundle mode repeat type pre called 2
[WRN][1658090465.0552198887] /home/neandreev/.antigen/antigen.zsh:1484
[WRN][1658090465.0552198887] Processing hooks: antigen-bundle-defer antigen-bundle-cached
[WRN][1658090465.0552353859] /home/neandreev/.antigen/antigen.zsh:1487
[WRN][1658090465.0552353859] Pre hook: antigen-bundle-cached git
[WRN][1658090465.0552613735] /home/neandreev/.antigen/antigen.zsh:1498
[WRN][1658090465.0552613735] Replace hook: antigen-bundle-defer git
[WRN][1658090465.0552830696] /home/neandreev/.antigen/antigen.zsh:1500
[WRN][1658090465.0552830696] antigen-bundle-defer shortcircuited
[LOG][1658090465.0553107262] /home/neandreev/.antigen/antigen.zsh:1518
[LOG][1658090465.0553107262] Return from hook antigen with 0
[WRN][1658090465.0553526878] /home/neandreev/.antigen/antigen.zsh:1462
[WRN][1658090465.0553526878] Ignoring hook due to mode once: antigen-lock
[WRN][1658090465.0553693771] /home/neandreev/.antigen/antigen.zsh:1484
[WRN][1658090465.0553693771] Processing hooks: antigen-lock
[WRN][1658090465.0553860664] /home/neandreev/.antigen/antigen.zsh:1505
[WRN][1658090465.0553860664] -antigen-hook-antigen bundle nvm
[WRN][1658090465.0554332733] /home/neandreev/.antigen/antigen.zsh:1469
[WRN][1658090465.0554332733] Updated meta: target antigen-bundle mode repeat type replace called 3
[WRN][1658090465.0554623604] /home/neandreev/.antigen/antigen.zsh:1469
[WRN][1658090465.0554623604] Updated meta: target antigen-bundle mode repeat type pre called 3
[WRN][1658090465.0554814339] /home/neandreev/.antigen/antigen.zsh:1484
[WRN][1658090465.0554814339] Processing hooks: antigen-bundle-defer antigen-bundle-cached
[WRN][1658090465.0554964542] /home/neandreev/.antigen/antigen.zsh:1487
[WRN][1658090465.0554964542] Pre hook: antigen-bundle-cached nvm
[WRN][1658090465.0555369854] /home/neandreev/.antigen/antigen.zsh:1498
[WRN][1658090465.0555369854] Replace hook: antigen-bundle-defer nvm
[WRN][1658090465.0555605888] /home/neandreev/.antigen/antigen.zsh:1500
[WRN][1658090465.0555605888] antigen-bundle-defer shortcircuited
[LOG][1658090465.0555882454] /home/neandreev/.antigen/antigen.zsh:1518
[LOG][1658090465.0555882454] Return from hook antigen with 0
[WRN][1658090465.0556292534] /home/neandreev/.antigen/antigen.zsh:1462
[WRN][1658090465.0556292534] Ignoring hook due to mode once: antigen-lock
[WRN][1658090465.0556457043] /home/neandreev/.antigen/antigen.zsh:1484
[WRN][1658090465.0556457043] Processing hooks: antigen-lock
[WRN][1658090465.0556626320] /home/neandreev/.antigen/antigen.zsh:1505
[WRN][1658090465.0556626320] -antigen-hook-antigen bundle npm
[WRN][1658090465.0557079315] /home/neandreev/.antigen/antigen.zsh:1469
[WRN][1658090465.0557079315] Updated meta: target antigen-bundle mode repeat type replace called 4
[WRN][1658090465.0557367802] /home/neandreev/.antigen/antigen.zsh:1469
[WRN][1658090465.0557367802] Updated meta: target antigen-bundle mode repeat type pre called 4
[WRN][1658090465.0557553768] /home/neandreev/.antigen/antigen.zsh:1484
[WRN][1658090465.0557553768] Processing hooks: antigen-bundle-defer antigen-bundle-cached
[WRN][1658090465.0557701588] /home/neandreev/.antigen/antigen.zsh:1487
[WRN][1658090465.0557701588] Pre hook: antigen-bundle-cached npm
[WRN][1658090465.0557951927] /home/neandreev/.antigen/antigen.zsh:1498
[WRN][1658090465.0557951927] Replace hook: antigen-bundle-defer npm
[WRN][1658090465.0558166504] /home/neandreev/.antigen/antigen.zsh:1500
[WRN][1658090465.0558166504] antigen-bundle-defer shortcircuited
[LOG][1658090465.0558457375] /home/neandreev/.antigen/antigen.zsh:1518
[LOG][1658090465.0558457375] Return from hook antigen with 0
[WRN][1658090465.0558860302] /home/neandreev/.antigen/antigen.zsh:1462
[WRN][1658090465.0558860302] Ignoring hook due to mode once: antigen-lock
[WRN][1658090465.0559024811] /home/neandreev/.antigen/antigen.zsh:1484
[WRN][1658090465.0559024811] Processing hooks: antigen-lock
[WRN][1658090465.0559194088] /home/neandreev/.antigen/antigen.zsh:1505
[WRN][1658090465.0559194088] -antigen-hook-antigen bundle node
[WRN][1658090465.0559644699] /home/neandreev/.antigen/antigen.zsh:1469
[WRN][1658090465.0559644699] Updated meta: target antigen-bundle mode repeat type replace called 5
[WRN][1658090465.0559930801] /home/neandreev/.antigen/antigen.zsh:1469
[WRN][1658090465.0559930801] Updated meta: target antigen-bundle mode repeat type pre called 5
[WRN][1658090465.0560114384] /home/neandreev/.antigen/antigen.zsh:1484
[WRN][1658090465.0560114384] Processing hooks: antigen-bundle-defer antigen-bundle-cached
[WRN][1658090465.0560264587] /home/neandreev/.antigen/antigen.zsh:1487
[WRN][1658090465.0560264587] Pre hook: antigen-bundle-cached node
[WRN][1658090465.0560514927] /home/neandreev/.antigen/antigen.zsh:1498
[WRN][1658090465.0560514927] Replace hook: antigen-bundle-defer node
[WRN][1658090465.0560729504] /home/neandreev/.antigen/antigen.zsh:1500
[WRN][1658090465.0560729504] antigen-bundle-defer shortcircuited
[LOG][1658090465.0560991764] /home/neandreev/.antigen/antigen.zsh:1518
[LOG][1658090465.0560991764] Return from hook antigen with 0
[WRN][1658090465.0561389923] /home/neandreev/.antigen/antigen.zsh:1462
[WRN][1658090465.0561389923] Ignoring hook due to mode once: antigen-lock
[WRN][1658090465.0561549664] /home/neandreev/.antigen/antigen.zsh:1484
[WRN][1658090465.0561549664] Processing hooks: antigen-lock
[WRN][1658090465.0561716557] /home/neandreev/.antigen/antigen.zsh:1505
[WRN][1658090465.0561716557] -antigen-hook-antigen bundle sudo
[WRN][1658090465.0562152863] /home/neandreev/.antigen/antigen.zsh:1469
[WRN][1658090465.0562152863] Updated meta: target antigen-bundle mode repeat type replace called 6
[WRN][1658090465.0562436581] /home/neandreev/.antigen/antigen.zsh:1469
[WRN][1658090465.0562436581] Updated meta: target antigen-bundle mode repeat type pre called 6
[WRN][1658090465.0562622547] /home/neandreev/.antigen/antigen.zsh:1484
[WRN][1658090465.0562622547] Processing hooks: antigen-bundle-defer antigen-bundle-cached
[WRN][1658090465.0562777519] /home/neandreev/.antigen/antigen.zsh:1487
[WRN][1658090465.0562777519] Pre hook: antigen-bundle-cached sudo
[WRN][1658090465.0563023090] /home/neandreev/.antigen/antigen.zsh:1498
[WRN][1658090465.0563023090] Replace hook: antigen-bundle-defer sudo
[WRN][1658090465.0563232899] /home/neandreev/.antigen/antigen.zsh:1500
[WRN][1658090465.0563232899] antigen-bundle-defer shortcircuited
[LOG][1658090465.0563492775] /home/neandreev/.antigen/antigen.zsh:1518
[LOG][1658090465.0563492775] Return from hook antigen with 0
[WRN][1658090465.0563881397] /home/neandreev/.antigen/antigen.zsh:1462
[WRN][1658090465.0563881397] Ignoring hook due to mode once: antigen-lock
[WRN][1658090465.0564038754] /home/neandreev/.antigen/antigen.zsh:1484
[WRN][1658090465.0564038754] Processing hooks: antigen-lock
[WRN][1658090465.0564203262] /home/neandreev/.antigen/antigen.zsh:1505
[WRN][1658090465.0564203262] -antigen-hook-antigen bundle web-search
[WRN][1658090465.0564641953] /home/neandreev/.antigen/antigen.zsh:1469
[WRN][1658090465.0564641953] Updated meta: target antigen-bundle mode repeat type replace called 7
[WRN][1658090465.0564925671] /home/neandreev/.antigen/antigen.zsh:1469
[WRN][1658090465.0564925671] Updated meta: target antigen-bundle mode repeat type pre called 7
[WRN][1658090465.0565230846] /home/neandreev/.antigen/antigen.zsh:1484
[WRN][1658090465.0565230846] Processing hooks: antigen-bundle-defer antigen-bundle-cached
[WRN][1658090465.0565402508] /home/neandreev/.antigen/antigen.zsh:1487
[WRN][1658090465.0565402508] Pre hook: antigen-bundle-cached web-search
[WRN][1658090465.0565693378] /home/neandreev/.antigen/antigen.zsh:1498
[WRN][1658090465.0565693378] Replace hook: antigen-bundle-defer web-search
[WRN][1658090465.0565912724] /home/neandreev/.antigen/antigen.zsh:1500
[WRN][1658090465.0565912724] antigen-bundle-defer shortcircuited
[LOG][1658090465.0566174984] /home/neandreev/.antigen/antigen.zsh:1518
[LOG][1658090465.0566174984] Return from hook antigen with 0
[WRN][1658090465.0566580296] /home/neandreev/.antigen/antigen.zsh:1462
[WRN][1658090465.0566580296] Ignoring hook due to mode once: antigen-lock
[WRN][1658090465.0566742420] /home/neandreev/.antigen/antigen.zsh:1484
[WRN][1658090465.0566742420] Processing hooks: antigen-lock
[WRN][1658090465.0566909313] /home/neandreev/.antigen/antigen.zsh:1505
[WRN][1658090465.0566909313] -antigen-hook-antigen bundle zsh-users/zsh-syntax-highlighting
[WRN][1658090465.0567364693] /home/neandreev/.antigen/antigen.zsh:1469
[WRN][1658090465.0567364693] Updated meta: target antigen-bundle mode repeat type replace called 8
[WRN][1658090465.0567650795] /home/neandreev/.antigen/antigen.zsh:1469
[WRN][1658090465.0567650795] Updated meta: target antigen-bundle mode repeat type pre called 8
[WRN][1658090465.0567834377] /home/neandreev/.antigen/antigen.zsh:1484
[WRN][1658090465.0567834377] Processing hooks: antigen-bundle-defer antigen-bundle-cached
[WRN][1658090465.0567982197] /home/neandreev/.antigen/antigen.zsh:1487
[WRN][1658090465.0567982197] Pre hook: antigen-bundle-cached zsh-users/zsh-syntax-highlighting
[WRN][1658090465.0568234921] /home/neandreev/.antigen/antigen.zsh:1498
[WRN][1658090465.0568234921] Replace hook: antigen-bundle-defer zsh-users/zsh-syntax-highlighting
[WRN][1658090465.0568451881] /home/neandreev/.antigen/antigen.zsh:1500
[WRN][1658090465.0568451881] antigen-bundle-defer shortcircuited
[LOG][1658090465.0568711758] /home/neandreev/.antigen/antigen.zsh:1518
[LOG][1658090465.0568711758] Return from hook antigen with 0
[WRN][1658090465.0569105148] /home/neandreev/.antigen/antigen.zsh:1462
[WRN][1658090465.0569105148] Ignoring hook due to mode once: antigen-lock
[WRN][1658090465.0569264889] /home/neandreev/.antigen/antigen.zsh:1484
[WRN][1658090465.0569264889] Processing hooks: antigen-lock
[WRN][1658090465.0569431782] /home/neandreev/.antigen/antigen.zsh:1505
[WRN][1658090465.0569431782] -antigen-hook-antigen bundle asdf
[WRN][1658090465.0569865704] /home/neandreev/.antigen/antigen.zsh:1469
[WRN][1658090465.0569865704] Updated meta: target antigen-bundle mode repeat type replace called 9
[WRN][1658090465.0570151806] /home/neandreev/.antigen/antigen.zsh:1469
[WRN][1658090465.0570151806] Updated meta: target antigen-bundle mode repeat type pre called 9
[WRN][1658090465.0570337772] /home/neandreev/.antigen/antigen.zsh:1484
[WRN][1658090465.0570337772] Processing hooks: antigen-bundle-defer antigen-bundle-cached
[WRN][1658090465.0570487976] /home/neandreev/.antigen/antigen.zsh:1487
[WRN][1658090465.0570487976] Pre hook: antigen-bundle-cached asdf
[WRN][1658090465.0570735931] /home/neandreev/.antigen/antigen.zsh:1498
[WRN][1658090465.0570735931] Replace hook: antigen-bundle-defer asdf
[WRN][1658090465.0570948124] /home/neandreev/.antigen/antigen.zsh:1500
[WRN][1658090465.0570948124] antigen-bundle-defer shortcircuited
[LOG][1658090465.0571208000] /home/neandreev/.antigen/antigen.zsh:1518
[LOG][1658090465.0571208000] Return from hook antigen with 0
[WRN][1658090465.0571591854] /home/neandreev/.antigen/antigen.zsh:1462
[WRN][1658090465.0571591854] Ignoring hook due to mode once: antigen-lock
[WRN][1658090465.0571751595] /home/neandreev/.antigen/antigen.zsh:1484
[WRN][1658090465.0571751595] Processing hooks: antigen-lock
[WRN][1658090465.0571913719] /home/neandreev/.antigen/antigen.zsh:1505
[WRN][1658090465.0571913719] -antigen-hook-antigen apply
[WRN][1658090465.0572381020] /home/neandreev/.antigen/antigen.zsh:1469
[WRN][1658090465.0572381020] Updated meta: target antigen-apply mode once type post called 1
[WRN][1658090465.0572674274] /home/neandreev/.antigen/antigen.zsh:1469
[WRN][1658090465.0572674274] Updated meta: target antigen-apply mode once type pre called 1
[WRN][1658090465.0572984219] /home/neandreev/.antigen/antigen.zsh:1469
[WRN][1658090465.0572984219] Updated meta: target antigen-apply mode once type replace called 1
[WRN][1658090465.0573258400] /home/neandreev/.antigen/antigen.zsh:1469
[WRN][1658090465.0573258400] Updated meta: target antigen-apply mode once type pre called 1
[WRN][1658090465.0573525429] /home/neandreev/.antigen/antigen.zsh:1469
[WRN][1658090465.0573525429] Updated meta: target antigen-apply mode once type post called 1
[WRN][1658090465.0573711395] /home/neandreev/.antigen/antigen.zsh:1484
[WRN][1658090465.0573711395] Processing hooks: antigen-apply-lock antigen-apply-parallel antigen-apply-parallel-execute antigen-apply-defer antigen-apply-cached
[WRN][1658090465.0573868752] /home/neandreev/.antigen/antigen.zsh:1487
[WRN][1658090465.0573868752] Pre hook: antigen-apply-parallel
[WRN][1658090465.0574033260] /home/neandreev/.antigen/antigen.zsh:1744
[WRN][1658090465.0574033260] Parallel pre-apply PARALLEL PRE-APPLY
[WRN][1658090465.0574512482] /home/neandreev/.antigen/antigen.zsh:1487
[WRN][1658090465.0574512482] Pre hook: antigen-apply-defer
[WRN][1658090465.0574691296] /home/neandreev/.antigen/antigen.zsh:1623
[WRN][1658090465.0574691296] Defer pre-apply DEFER PRE-APPLY
[LOG][1658090465.0575351715] /home/neandreev/.antigen/antigen.zsh:1629
[LOG][1658090465.0575351715] Processing deferred bundle: --loc=lib DEFER
[WRN][1658090465.0575857162] /home/neandreev/.antigen/antigen.zsh:1469
[WRN][1658090465.0575857162] Updated meta: target antigen-bundle mode repeat type pre called 10
[WRN][1658090465.0576176643] /home/neandreev/.antigen/antigen.zsh:1469
[WRN][1658090465.0576176643] Updated meta: target antigen-bundle mode repeat type replace called 1
[WRN][1658090465.0576372147] /home/neandreev/.antigen/antigen.zsh:1484
[WRN][1658090465.0576372147] Processing hooks: antigen-bundle-cached antigen-bundle-parallel
[WRN][1658090465.0576531887] /home/neandreev/.antigen/antigen.zsh:1487
[WRN][1658090465.0576531887] Pre hook: antigen-bundle-cached --loc=lib
[WRN][1658090465.0576810837] /home/neandreev/.antigen/antigen.zsh:1498
[WRN][1658090465.0576810837] Replace hook: antigen-bundle-parallel --loc=lib
[TRA][1658090465.0577013493] /home/neandreev/.zshrc:1748
[TRA][1658090465.0577013493] antigen-bundle-parallel: --loc=lib PARALLEL
[TRA][1658090465.0577013493] TRACE
antigen-bundle-parallel
-antigen-hook-handler
antigen-bundle
antigen-apply-defer
-antigen-hook-handler
antigen-apply
-antigen-hook-antigen
-antigen-hook-handler
antigen
/home/neandreev/.zshrc
[WRN][1658090465.0577261448] /home/neandreev/.antigen/antigen.zsh:1509
[WRN][1658090465.0577261448] Replaced hooked function.
[LOG][1658090465.0577423573] /home/neandreev/.antigen/antigen.zsh:1518
[LOG][1658090465.0577423573] Return from hook antigen-bundle with 0
[LOG][1658090465.0577642918] /home/neandreev/.antigen/antigen.zsh:1629
[LOG][1658090465.0577642918] Processing deferred bundle: git DEFER
[WRN][1658090465.0578045845] /home/neandreev/.antigen/antigen.zsh:1469
[WRN][1658090465.0578045845] Updated meta: target antigen-bundle mode repeat type pre called 11
[WRN][1658090465.0578334332] /home/neandreev/.antigen/antigen.zsh:1469
[WRN][1658090465.0578334332] Updated meta: target antigen-bundle mode repeat type replace called 2
[WRN][1658090465.0578525066] /home/neandreev/.antigen/antigen.zsh:1484
[WRN][1658090465.0578525066] Processing hooks: antigen-bundle-cached antigen-bundle-parallel
[WRN][1658090465.0578680038] /home/neandreev/.antigen/antigen.zsh:1487
[WRN][1658090465.0578680038] Pre hook: antigen-bundle-cached git
[WRN][1658090465.0578935146] /home/neandreev/.antigen/antigen.zsh:1498
[WRN][1658090465.0578935146] Replace hook: antigen-bundle-parallel git
[TRA][1658090465.0579113960] /home/neandreev/.zshrc:1748
[TRA][1658090465.0579113960] antigen-bundle-parallel: git PARALLEL
[TRA][1658090465.0579113960] TRACE
antigen-bundle-parallel
-antigen-hook-handler
antigen-bundle
antigen-apply-defer
-antigen-hook-handler
antigen-apply
-antigen-hook-antigen
-antigen-hook-handler
antigen
/home/neandreev/.zshrc
[WRN][1658090465.0579371452] /home/neandreev/.antigen/antigen.zsh:1509
[WRN][1658090465.0579371452] Replaced hooked function.
[LOG][1658090465.0579535961] /home/neandreev/.antigen/antigen.zsh:1518
[LOG][1658090465.0579535961] Return from hook antigen-bundle with 0
[LOG][1658090465.0579752922] /home/neandreev/.antigen/antigen.zsh:1629
[LOG][1658090465.0579752922] Processing deferred bundle: nvm DEFER
[WRN][1658090465.0580143929] /home/neandreev/.antigen/antigen.zsh:1469
[WRN][1658090465.0580143929] Updated meta: target antigen-bundle mode repeat type pre called 12
[WRN][1658090465.0580427647] /home/neandreev/.antigen/antigen.zsh:1469
[WRN][1658090465.0580427647] Updated meta: target antigen-bundle mode repeat type replace called 3
[WRN][1658090465.0580613613] /home/neandreev/.antigen/antigen.zsh:1484
[WRN][1658090465.0580613613] Processing hooks: antigen-bundle-cached antigen-bundle-parallel
[WRN][1658090465.0580766201] /home/neandreev/.antigen/antigen.zsh:1487
[WRN][1658090465.0580766201] Pre hook: antigen-bundle-cached nvm
[WRN][1658090465.0581014156] /home/neandreev/.antigen/antigen.zsh:1498
[WRN][1658090465.0581014156] Replace hook: antigen-bundle-parallel nvm
[TRA][1658090465.0581183434] /home/neandreev/.zshrc:1748
[TRA][1658090465.0581183434] antigen-bundle-parallel: nvm PARALLEL
[TRA][1658090465.0581183434] TRACE
antigen-bundle-parallel
-antigen-hook-handler
antigen-bundle
antigen-apply-defer
-antigen-hook-handler
antigen-apply
-antigen-hook-antigen
-antigen-hook-handler
antigen
/home/neandreev/.zshrc
[WRN][1658090465.0581402779] /home/neandreev/.antigen/antigen.zsh:1509
[WRN][1658090465.0581402779] Replaced hooked function.
[LOG][1658090465.0581557751] /home/neandreev/.antigen/antigen.zsh:1518
[LOG][1658090465.0581557751] Return from hook antigen-bundle with 0
[LOG][1658090465.0581767559] /home/neandreev/.antigen/antigen.zsh:1629
[LOG][1658090465.0581767559] Processing deferred bundle: npm DEFER
[WRN][1658090465.0582146645] /home/neandreev/.antigen/antigen.zsh:1469
[WRN][1658090465.0582146645] Updated meta: target antigen-bundle mode repeat type pre called 13
[WRN][1658090465.0582427979] /home/neandreev/.antigen/antigen.zsh:1469
[WRN][1658090465.0582427979] Updated meta: target antigen-bundle mode repeat type replace called 4
[WRN][1658090465.0582613945] /home/neandreev/.antigen/antigen.zsh:1484
[WRN][1658090465.0582613945] Processing hooks: antigen-bundle-cached antigen-bundle-parallel
[WRN][1658090465.0582768917] /home/neandreev/.antigen/antigen.zsh:1487
[WRN][1658090465.0582768917] Pre hook: antigen-bundle-cached npm
[WRN][1658090465.0583019257] /home/neandreev/.antigen/antigen.zsh:1498
[WRN][1658090465.0583019257] Replace hook: antigen-bundle-parallel npm
[TRA][1658090465.0583190918] /home/neandreev/.zshrc:1748
[TRA][1658090465.0583190918] antigen-bundle-parallel: npm PARALLEL
[TRA][1658090465.0583190918] TRACE
antigen-bundle-parallel
-antigen-hook-handler
antigen-bundle
antigen-apply-defer
-antigen-hook-handler
antigen-apply
-antigen-hook-antigen
-antigen-hook-handler
antigen
/home/neandreev/.zshrc
[WRN][1658090465.0583407879] /home/neandreev/.antigen/antigen.zsh:1509
[WRN][1658090465.0583407879] Replaced hooked function.
[LOG][1658090465.0583560467] /home/neandreev/.antigen/antigen.zsh:1518
[LOG][1658090465.0583560467] Return from hook antigen-bundle with 0
[LOG][1658090465.0583767891] /home/neandreev/.antigen/antigen.zsh:1629
[LOG][1658090465.0583767891] Processing deferred bundle: node DEFER
[WRN][1658090465.0584146976] /home/neandreev/.antigen/antigen.zsh:1469
[WRN][1658090465.0584146976] Updated meta: target antigen-bundle mode repeat type pre called 14
[WRN][1658090465.0584423542] /home/neandreev/.antigen/antigen.zsh:1469
[WRN][1658090465.0584423542] Updated meta: target antigen-bundle mode repeat type replace called 5
[WRN][1658090465.0584609509] /home/neandreev/.antigen/antigen.zsh:1484
[WRN][1658090465.0584609509] Processing hooks: antigen-bundle-cached antigen-bundle-parallel
[WRN][1658090465.0584764481] /home/neandreev/.antigen/antigen.zsh:1487
[WRN][1658090465.0584764481] Pre hook: antigen-bundle-cached node
[WRN][1658090465.0585160255] /home/neandreev/.antigen/antigen.zsh:1498
[WRN][1658090465.0585160255] Replace hook: antigen-bundle-parallel node
[TRA][1658090465.0585377216] /home/neandreev/.zshrc:1748
[TRA][1658090465.0585377216] antigen-bundle-parallel: node PARALLEL
[TRA][1658090465.0585377216] TRACE
antigen-bundle-parallel
-antigen-hook-handler
antigen-bundle
antigen-apply-defer
-antigen-hook-handler
antigen-apply
-antigen-hook-antigen
-antigen-hook-handler
antigen
/home/neandreev/.zshrc
[WRN][1658090465.0585606098] /home/neandreev/.antigen/antigen.zsh:1509
[WRN][1658090465.0585606098] Replaced hooked function.
[LOG][1658090465.0585763454] /home/neandreev/.antigen/antigen.zsh:1518
[LOG][1658090465.0585763454] Return from hook antigen-bundle with 0
[LOG][1658090465.0585973263] /home/neandreev/.antigen/antigen.zsh:1629
[LOG][1658090465.0585973263] Processing deferred bundle: sudo DEFER
[WRN][1658090465.0586361885] /home/neandreev/.antigen/antigen.zsh:1469
[WRN][1658090465.0586361885] Updated meta: target antigen-bundle mode repeat type pre called 15
[WRN][1658090465.0586640835] /home/neandreev/.antigen/antigen.zsh:1469
[WRN][1658090465.0586640835] Updated meta: target antigen-bundle mode repeat type replace called 6
[WRN][1658090465.0586829185] /home/neandreev/.antigen/antigen.zsh:1484
[WRN][1658090465.0586829185] Processing hooks: antigen-bundle-cached antigen-bundle-parallel
[WRN][1658090465.0586981773] /home/neandreev/.antigen/antigen.zsh:1487
[WRN][1658090465.0586981773] Pre hook: antigen-bundle-cached sudo
[WRN][1658090465.0587241650] /home/neandreev/.antigen/antigen.zsh:1498
[WRN][1658090465.0587241650] Replace hook: antigen-bundle-parallel sudo
[TRA][1658090465.0587413311] /home/neandreev/.zshrc:1748
[TRA][1658090465.0587413311] antigen-bundle-parallel: sudo PARALLEL
[TRA][1658090465.0587413311] TRACE
antigen-bundle-parallel
-antigen-hook-handler
antigen-bundle
antigen-apply-defer
-antigen-hook-handler
antigen-apply
-antigen-hook-antigen
-antigen-hook-handler
antigen
/home/neandreev/.zshrc
[WRN][1658090465.0587627888] /home/neandreev/.antigen/antigen.zsh:1509
[WRN][1658090465.0587627888] Replaced hooked function.
[LOG][1658090465.0587782860] /home/neandreev/.antigen/antigen.zsh:1518
[LOG][1658090465.0587782860] Return from hook antigen-bundle with 0
[LOG][1658090465.0587992668] /home/neandreev/.antigen/antigen.zsh:1629
[LOG][1658090465.0587992668] Processing deferred bundle: web-search DEFER
[WRN][1658090465.0588376522] /home/neandreev/.antigen/antigen.zsh:1469
[WRN][1658090465.0588376522] Updated meta: target antigen-bundle mode repeat type pre called 16
[WRN][1658090465.0588653088] /home/neandreev/.antigen/antigen.zsh:1469
[WRN][1658090465.0588653088] Updated meta: target antigen-bundle mode repeat type replace called 7
[WRN][1658090465.0588843822] /home/neandreev/.antigen/antigen.zsh:1484
[WRN][1658090465.0588843822] Processing hooks: antigen-bundle-cached antigen-bundle-parallel
[WRN][1658090465.0588996410] /home/neandreev/.antigen/antigen.zsh:1487
[WRN][1658090465.0588996410] Pre hook: antigen-bundle-cached web-search
[WRN][1658090465.0589249134] /home/neandreev/.antigen/antigen.zsh:1498
[WRN][1658090465.0589249134] Replace hook: antigen-bundle-parallel web-search
[TRA][1658090465.0589423180] /home/neandreev/.zshrc:1748
[TRA][1658090465.0589423180] antigen-bundle-parallel: web-search PARALLEL
[TRA][1658090465.0589423180] TRACE
antigen-bundle-parallel
-antigen-hook-handler
antigen-bundle
antigen-apply-defer
-antigen-hook-handler
antigen-apply
-antigen-hook-antigen
-antigen-hook-handler
antigen
/home/neandreev/.zshrc
[WRN][1658090465.0589640141] /home/neandreev/.antigen/antigen.zsh:1509
[WRN][1658090465.0589640141] Replaced hooked function.
[LOG][1658090465.0589795113] /home/neandreev/.antigen/antigen.zsh:1518
[LOG][1658090465.0589795113] Return from hook antigen-bundle with 0
[LOG][1658090465.0590002537] /home/neandreev/.antigen/antigen.zsh:1629
[LOG][1658090465.0590002537] Processing deferred bundle: zsh-users/zsh-syntax-highlighting DEFER
[WRN][1658090465.0590434074] /home/neandreev/.antigen/antigen.zsh:1469
[WRN][1658090465.0590434074] Updated meta: target antigen-bundle mode repeat type pre called 17
[WRN][1658090465.0590722561] /home/neandreev/.antigen/antigen.zsh:1469
[WRN][1658090465.0590722561] Updated meta: target antigen-bundle mode repeat type replace called 8
[WRN][1658090465.0590913296] /home/neandreev/.antigen/antigen.zsh:1484
[WRN][1658090465.0590913296] Processing hooks: antigen-bundle-cached antigen-bundle-parallel
[WRN][1658090465.0591068268] /home/neandreev/.antigen/antigen.zsh:1487
[WRN][1658090465.0591068268] Pre hook: antigen-bundle-cached zsh-users/zsh-syntax-highlighting
[WRN][1658090465.0591330528] /home/neandreev/.antigen/antigen.zsh:1498
[WRN][1658090465.0591330528] Replace hook: antigen-bundle-parallel zsh-users/zsh-syntax-highlighting
[TRA][1658090465.0591509342] /home/neandreev/.zshrc:1748
[TRA][1658090465.0591509342] antigen-bundle-parallel: zsh-users/zsh-syntax-highlighting PARALLEL
[TRA][1658090465.0591509342] TRACE
antigen-bundle-parallel
-antigen-hook-handler
antigen-bundle
antigen-apply-defer
-antigen-hook-handler
antigen-apply
-antigen-hook-antigen
-antigen-hook-handler
antigen
/home/neandreev/.zshrc
[WRN][1658090465.0591733456] /home/neandreev/.antigen/antigen.zsh:1509
[WRN][1658090465.0591733456] Replaced hooked function.
[LOG][1658090465.0591890812] /home/neandreev/.antigen/antigen.zsh:1518
[LOG][1658090465.0591890812] Return from hook antigen-bundle with 0
[LOG][1658090465.0592098236] /home/neandreev/.antigen/antigen.zsh:1629
[LOG][1658090465.0592098236] Processing deferred bundle: asdf DEFER
[WRN][1658090465.0592482090] /home/neandreev/.antigen/antigen.zsh:1469
[WRN][1658090465.0592482090] Updated meta: target antigen-bundle mode repeat type pre called 18
[WRN][1658090465.0592761040] /home/neandreev/.antigen/antigen.zsh:1469
[WRN][1658090465.0592761040] Updated meta: target antigen-bundle mode repeat type replace called 9
[WRN][1658090465.0593192577] /home/neandreev/.antigen/antigen.zsh:1484
[WRN][1658090465.0593192577] Processing hooks: antigen-bundle-cached antigen-bundle-parallel
[WRN][1658090465.0593364239] /home/neandreev/.antigen/antigen.zsh:1487
[WRN][1658090465.0593364239] Pre hook: antigen-bundle-cached asdf
[WRN][1658090465.0593626499] /home/neandreev/.antigen/antigen.zsh:1498
[WRN][1658090465.0593626499] Replace hook: antigen-bundle-parallel asdf
[TRA][1658090465.0593800545] /home/neandreev/.zshrc:1748
[TRA][1658090465.0593800545] antigen-bundle-parallel: asdf PARALLEL
[TRA][1658090465.0593800545] TRACE
antigen-bundle-parallel
-antigen-hook-handler
antigen-bundle
antigen-apply-defer
-antigen-hook-handler
antigen-apply
-antigen-hook-antigen
-antigen-hook-handler
antigen
/home/neandreev/.zshrc
[WRN][1658090465.0594022274] /home/neandreev/.antigen/antigen.zsh:1509
[WRN][1658090465.0594022274] Replaced hooked function.
[LOG][1658090465.0594177246] /home/neandreev/.antigen/antigen.zsh:1518
[LOG][1658090465.0594177246] Return from hook antigen-bundle with 0
[WRN][1658090465.0594480038] /home/neandreev/.antigen/antigen.zsh:1498
[WRN][1658090465.0594480038] Replace hook: antigen-apply-parallel-execute
[WRN][1658090465.0594654083] /home/neandreev/.antigen/antigen.zsh:1756
[WRN][1658090465.0594654083] Parallel replace-apply PARALLEL REPLACE-APPLY
[WRN][1658090465.0595209599] /home/neandreev/.antigen/antigen.zsh:1695
[WRN][1658090465.0595209599] Parallel antigen-bundle-parallel-execute PARALLEL
[WRN][1658090465.0595431328] /home/neandreev/.antigen/antigen.zsh:1699
[WRN][1658090465.0595431328] Gonna install in parallel 9 bundles. PARALLEL
[WRN][1658090465.0595593452] /home/neandreev/.antigen/antigen.zsh:1701
[WRN][1658090465.0595593452] --loc=lib git nvm npm node sudo web-search zsh-users/zsh-syntax-highlighting asdf PARALLEL
[WRN][1658090465.0597305298] /home/neandreev/.antigen/antigen.zsh:1708
[WRN][1658090465.0597305298] Install in parallel robbyrussell/oh-my-zsh. PARALLEL
[WRN][1658090465.0600821972] /home/neandreev/.antigen/antigen.zsh:1715
[WRN][1658090465.0600821972] Bundle robbyrussell/oh-my-zsh already cloned locally. PARALLEL
[WRN][1658090465.0602338314] /home/neandreev/.antigen/antigen.zsh:1715
[WRN][1658090465.0602338314] Bundle robbyrussell/oh-my-zsh already cloned locally. PARALLEL
[WRN][1658090465.0603682995] /home/neandreev/.antigen/antigen.zsh:1715
[WRN][1658090465.0603682995] Bundle robbyrussell/oh-my-zsh already cloned locally. PARALLEL
[WRN][1658090465.0604939461] /home/neandreev/.antigen/antigen.zsh:1715
[WRN][1658090465.0604939461] Bundle robbyrussell/oh-my-zsh already cloned locally. PARALLEL
[WRN][1658090465.0606684685] /home/neandreev/.antigen/antigen.zsh:1715
[WRN][1658090465.0606684685] Bundle robbyrussell/oh-my-zsh already cloned locally. PARALLEL
[WRN][1658090465.0608088970] /home/neandreev/.antigen/antigen.zsh:1715
[WRN][1658090465.0608088970] Bundle robbyrussell/oh-my-zsh already cloned locally. PARALLEL
[WRN][1658090465.0609490871] /home/neandreev/.antigen/antigen.zsh:1708
[WRN][1658090465.0609490871] Install in parallel zsh-users/zsh-syntax-highlighting. PARALLEL
[WRN][1658090465.0612828732] /home/neandreev/.antigen/antigen.zsh:1715
[WRN][1658090465.0612828732] Bundle robbyrussell/oh-my-zsh already cloned locally. PARALLEL
[WRN][1658090467.0810446739] /home/neandreev/.antigen/antigen.zsh:1469
[WRN][1658090467.0810446739] Updated meta: target antigen-bundle mode repeat type pre called 19
[WRN][1658090467.0811092854] /home/neandreev/.antigen/antigen.zsh:1484
[WRN][1658090467.0811092854] Processing hooks: antigen-bundle-cached
[WRN][1658090467.0811350346] /home/neandreev/.antigen/antigen.zsh:1487
[WRN][1658090467.0811350346] Pre hook: antigen-bundle-cached --loc=lib
[WRN][1658090467.0811738968] /home/neandreev/.antigen/antigen.zsh:1505
[WRN][1658090467.0811738968] -antigen-hook-antigen-bundle --loc=lib
[TRA][1658090467.0812003613] /home/neandreev/.antigen/antigen.zsh:1438
[TRA][1658090467.0812003613] Called antigen-bundle with --loc=lib BUNDLE
[TRA][1658090467.0812003613] TRACE
-antigen-hook-antigen-bundle
-antigen-hook-handler
antigen-bundle
antigen-bundle-parallel-execute
antigen-apply-parallel-execute
-antigen-hook-handler
antigen-apply
-antigen-hook-antigen
-antigen-hook-handler
antigen
/home/neandreev/.zshrc
[WRN][1658090467.0815539360] /home/neandreev/.antigen/antigen.zsh:1469
[WRN][1658090467.0815539360] Updated meta: target -antigen-load-env mode repeat type replace called 1
[WRN][1658090467.0815856457] /home/neandreev/.antigen/antigen.zsh:1484
[WRN][1658090467.0815856457] Processing hooks: -antigen-load-env-cached
[WRN][1658090467.0816171169] /home/neandreev/.antigen/antigen.zsh:1498
[WRN][1658090467.0816171169] Replace hook: -antigen-load-env-cached dir /home/neandreev/.antigen/bundles/robbyrussell/oh-my-zsh btype plugin url https://github.com/robbyrussell/oh-my-zsh.git loc lib name robbyrussell/oh-my-zsh make_local_clone true
[WRN][1658090467.0816593170] /home/neandreev/.antigen/antigen.zsh:1509
[WRN][1658090467.0816593170] Replaced hooked function.
[LOG][1658090467.0816779137] /home/neandreev/.antigen/antigen.zsh:1518
[LOG][1658090467.0816779137] Return from hook -antigen-load-env with 0
[WRN][1658090467.0817511082] /home/neandreev/.antigen/antigen.zsh:1469
[WRN][1658090467.0817511082] Updated meta: target -antigen-load-source mode repeat type replace called 1
[WRN][1658090467.0817742348] /home/neandreev/.antigen/antigen.zsh:1484
[WRN][1658090467.0817742348] Processing hooks: -antigen-load-source-cached
[WRN][1658090467.0818035603] /home/neandreev/.antigen/antigen.zsh:1498
[WRN][1658090467.0818035603] Replace hook: -antigen-load-source-cached /home/neandreev/.antigen/bundles/robbyrussell/oh-my-zsh/lib/bzr.zsh /home/neandreev/.antigen/bundles/robbyrussell/oh-my-zsh/lib/clipboard.zsh /home/neandreev/.antigen/bundles/robbyrussell/oh-my-zsh/lib/cli.zsh /home/neandreev/.antigen/bundles/robbyrussell/oh-my-zsh/lib/compfix.zsh /home/neandreev/.antigen/bundles/robbyrussell/oh-my-zsh/lib/completion.zsh /home/neandreev/.antigen/bundles/robbyrussell/oh-my-zsh/lib/correction.zsh /home/neandreev/.antigen/bundles/robbyrussell/oh-my-zsh/lib/diagnostics.zsh /home/neandreev/.antigen/bundles/robbyrussell/oh-my-zsh/lib/directories.zsh /home/neandreev/.antigen/bundles/robbyrussell/oh-my-zsh/lib/functions.zsh /home/neandreev/.antigen/bundles/robbyrussell/oh-my-zsh/lib/git.zsh /home/neandreev/.antigen/bundles/robbyrussell/oh-my-zsh/lib/grep.zsh /home/neandreev/.antigen/bundles/robbyrussell/oh-my-zsh/lib/history.zsh /home/neandreev/.antigen/bundles/robbyrussell/oh-my-zsh/lib/key-bindings.zsh /home/neandreev/.antigen/bundles/robbyrussell/oh-my-zsh/lib/misc.zsh /home/neandreev/.antigen/bundles/robbyrussell/oh-my-zsh/lib/nvm.zsh /home/neandreev/.antigen/bundles/robbyrussell/oh-my-zsh/lib/prompt_info_functions.zsh /home/neandreev/.antigen/bundles/robbyrussell/oh-my-zsh/lib/spectrum.zsh /home/neandreev/.antigen/bundles/robbyrussell/oh-my-zsh/lib/termsupport.zsh /home/neandreev/.antigen/bundles/robbyrussell/oh-my-zsh/lib/theme-and-appearance.zsh /home/neandreev/.antigen/bundles/robbyrussell/oh-my-zsh/lib/vcs_info.zsh
[WRN][1658090467.0818588734] /home/neandreev/.antigen/antigen.zsh:1509
[WRN][1658090467.0818588734] Replaced hooked function.
[LOG][1658090467.0818774700] /home/neandreev/.antigen/antigen.zsh:1518
[LOG][1658090467.0818774700] Return from hook -antigen-load-source with 0
[LOG][1658090467.0819113255] /home/neandreev/.antigen/antigen.zsh:1518
[LOG][1658090467.0819113255] Return from hook antigen-bundle with 0
[WRN][1658090467.0819642544] /home/neandreev/.antigen/antigen.zsh:1469
[WRN][1658090467.0819642544] Updated meta: target antigen-bundle mode repeat type pre called 20
[WRN][1658090467.0819859505] /home/neandreev/.antigen/antigen.zsh:1484
[WRN][1658090467.0819859505] Processing hooks: antigen-bundle-cached
[WRN][1658090467.0820021629] /home/neandreev/.antigen/antigen.zsh:1487
[WRN][1658090467.0820021629] Pre hook: antigen-bundle-cached git
[WRN][1658090467.0820271969] /home/neandreev/.antigen/antigen.zsh:1505
[WRN][1658090467.0820271969] -antigen-hook-antigen-bundle git
[TRA][1658090467.0820450783] /home/neandreev/.antigen/antigen.zsh:1438
[TRA][1658090467.0820450783] Called antigen-bundle with git BUNDLE
[TRA][1658090467.0820450783] TRACE
-antigen-hook-antigen-bundle
-antigen-hook-handler
antigen-bundle
antigen-bundle-parallel-execute
antigen-apply-parallel-execute
-antigen-hook-handler
antigen-apply
-antigen-hook-antigen
-antigen-hook-handler
antigen
/home/neandreev/.zshrc
[WRN][1658090467.0822722912] /home/neandreev/.antigen/antigen.zsh:1469
[WRN][1658090467.0822722912] Updated meta: target -antigen-load-env mode repeat type replace called 2
[WRN][1658090467.0822997093] /home/neandreev/.antigen/antigen.zsh:1484
[WRN][1658090467.0822997093] Processing hooks: -antigen-load-env-cached
[WRN][1658090467.0823264122] /home/neandreev/.antigen/antigen.zsh:1498
[WRN][1658090467.0823264122] Replace hook: -antigen-load-env-cached dir /home/neandreev/.antigen/bundles/robbyrussell/oh-my-zsh btype plugin url https://github.com/robbyrussell/oh-my-zsh.git loc plugins/git name robbyrussell/oh-my-zsh make_local_clone true
[WRN][1658090467.0823645592] /home/neandreev/.antigen/antigen.zsh:1509
[WRN][1658090467.0823645592] Replaced hooked function.
[LOG][1658090467.0823822021] /home/neandreev/.antigen/antigen.zsh:1518
[LOG][1658090467.0823822021] Return from hook -antigen-load-env with 0
[WRN][1658090467.0824334621] /home/neandreev/.antigen/antigen.zsh:1469
[WRN][1658090467.0824334621] Updated meta: target -antigen-load-source mode repeat type replace called 2
[WRN][1658090467.0824558735] /home/neandreev/.antigen/antigen.zsh:1484
[WRN][1658090467.0824558735] Processing hooks: -antigen-load-source-cached
[WRN][1658090467.0824778080] /home/neandreev/.antigen/antigen.zsh:1498
[WRN][1658090467.0824778080] Replace hook: -antigen-load-source-cached /home/neandreev/.antigen/bundles/robbyrussell/oh-my-zsh/plugins/git/git.plugin.zsh
[WRN][1658090467.0825023651] /home/neandreev/.antigen/antigen.zsh:1509
[WRN][1658090467.0825023651] Replaced hooked function.
[LOG][1658090467.0825190544] /home/neandreev/.antigen/antigen.zsh:1518
[LOG][1658090467.0825190544] Return from hook -antigen-load-source with 0
[LOG][1658090467.0825512409] /home/neandreev/.antigen/antigen.zsh:1518
[LOG][1658090467.0825512409] Return from hook antigen-bundle with 0
[WRN][1658090467.0826039314] /home/neandreev/.antigen/antigen.zsh:1469
[WRN][1658090467.0826039314] Updated meta: target antigen-bundle mode repeat type pre called 21
[WRN][1658090467.0826253891] /home/neandreev/.antigen/antigen.zsh:1484
[WRN][1658090467.0826253891] Processing hooks: antigen-bundle-cached
[WRN][1658090467.0826418400] /home/neandreev/.antigen/antigen.zsh:1487
[WRN][1658090467.0826418400] Pre hook: antigen-bundle-cached nvm
[WRN][1658090467.0826668739] /home/neandreev/.antigen/antigen.zsh:1505
[WRN][1658090467.0826668739] -antigen-hook-antigen-bundle nvm
[TRA][1658090467.0826845169] /home/neandreev/.antigen/antigen.zsh:1438
[TRA][1658090467.0826845169] Called antigen-bundle with nvm BUNDLE
[TRA][1658090467.0826845169] TRACE
-antigen-hook-antigen-bundle
-antigen-hook-handler
antigen-bundle
antigen-bundle-parallel-execute
antigen-apply-parallel-execute
-antigen-hook-handler
antigen-apply
-antigen-hook-antigen
-antigen-hook-handler
antigen
/home/neandreev/.zshrc
[WRN][1658090467.0829257965] /home/neandreev/.antigen/antigen.zsh:1469
[WRN][1658090467.0829257965] Updated meta: target -antigen-load-env mode repeat type replace called 3
[WRN][1658090467.0829541683] /home/neandreev/.antigen/antigen.zsh:1484
[WRN][1658090467.0829541683] Processing hooks: -antigen-load-env-cached
[WRN][1658090467.0829811096] /home/neandreev/.antigen/antigen.zsh:1498
[WRN][1658090467.0829811096] Replace hook: -antigen-load-env-cached dir /home/neandreev/.antigen/bundles/robbyrussell/oh-my-zsh btype plugin url https://github.com/robbyrussell/oh-my-zsh.git loc plugins/nvm name robbyrussell/oh-my-zsh make_local_clone true
[WRN][1658090467.0830187798] /home/neandreev/.antigen/antigen.zsh:1509
[WRN][1658090467.0830187798] Replaced hooked function.
[LOG][1658090467.0830366611] /home/neandreev/.antigen/antigen.zsh:1518
[LOG][1658090467.0830366611] Return from hook -antigen-load-env with 0
[WRN][1658090467.0830869675] /home/neandreev/.antigen/antigen.zsh:1469
[WRN][1658090467.0830869675] Updated meta: target -antigen-load-source mode repeat type replace called 3
[WRN][1658090467.0831093788] /home/neandreev/.antigen/antigen.zsh:1484
[WRN][1658090467.0831093788] Processing hooks: -antigen-load-source-cached
[WRN][1658090467.0831310749] /home/neandreev/.antigen/antigen.zsh:1498
[WRN][1658090467.0831310749] Replace hook: -antigen-load-source-cached /home/neandreev/.antigen/bundles/robbyrussell/oh-my-zsh/plugins/nvm/nvm.plugin.zsh
[WRN][1658090467.0831556320] /home/neandreev/.antigen/antigen.zsh:1509
[WRN][1658090467.0831556320] Replaced hooked function.
[LOG][1658090467.0831723213] /home/neandreev/.antigen/antigen.zsh:1518
[LOG][1658090467.0831723213] Return from hook -antigen-load-source with 0
[LOG][1658090467.0832052231] /home/neandreev/.antigen/antigen.zsh:1518
[LOG][1658090467.0832052231] Return from hook antigen-bundle with 0
[WRN][1658090467.0832548141] /home/neandreev/.antigen/antigen.zsh:1469
[WRN][1658090467.0832548141] Updated meta: target antigen-bundle mode repeat type pre called 22
[WRN][1658090467.0832757950] /home/neandreev/.antigen/antigen.zsh:1484
[WRN][1658090467.0832757950] Processing hooks: antigen-bundle-cached
[WRN][1658090467.0832920074] /home/neandreev/.antigen/antigen.zsh:1487
[WRN][1658090467.0832920074] Pre hook: antigen-bundle-cached npm
[WRN][1658090467.0833160877] /home/neandreev/.antigen/antigen.zsh:1505
[WRN][1658090467.0833160877] -antigen-hook-antigen-bundle npm
[TRA][1658090467.0833337307] /home/neandreev/.antigen/antigen.zsh:1438
[TRA][1658090467.0833337307] Called antigen-bundle with npm BUNDLE
[TRA][1658090467.0833337307] TRACE
-antigen-hook-antigen-bundle
-antigen-hook-handler
antigen-bundle
antigen-bundle-parallel-execute
antigen-apply-parallel-execute
-antigen-hook-handler
antigen-apply
-antigen-hook-antigen
-antigen-hook-handler
antigen
/home/neandreev/.zshrc
[WRN][1658090467.0835468769] /home/neandreev/.antigen/antigen.zsh:1469
[WRN][1658090467.0835468769] Updated meta: target -antigen-load-env mode repeat type replace called 4
[WRN][1658090467.0835766792] /home/neandreev/.antigen/antigen.zsh:1484
[WRN][1658090467.0835766792] Processing hooks: -antigen-load-env-cached
[WRN][1658090467.0836036205] /home/neandreev/.antigen/antigen.zsh:1498
[WRN][1658090467.0836036205] Replace hook: -antigen-load-env-cached dir /home/neandreev/.antigen/bundles/robbyrussell/oh-my-zsh btype plugin url https://github.com/robbyrussell/oh-my-zsh.git loc plugins/npm name robbyrussell/oh-my-zsh make_local_clone true
[WRN][1658090467.0836410522] /home/neandreev/.antigen/antigen.zsh:1509
[WRN][1658090467.0836410522] Replaced hooked function.
[LOG][1658090467.0836584568] /home/neandreev/.antigen/antigen.zsh:1518
[LOG][1658090467.0836584568] Return from hook -antigen-load-env with 0
[WRN][1658090467.0837087631] /home/neandreev/.antigen/antigen.zsh:1469
[WRN][1658090467.0837087631] Updated meta: target -antigen-load-source mode repeat type replace called 4
[WRN][1658090467.0837304592] /home/neandreev/.antigen/antigen.zsh:1484
[WRN][1658090467.0837304592] Processing hooks: -antigen-load-source-cached
[WRN][1658090467.0837516785] /home/neandreev/.antigen/antigen.zsh:1498
[WRN][1658090467.0837516785] Replace hook: -antigen-load-source-cached /home/neandreev/.antigen/bundles/robbyrussell/oh-my-zsh/plugins/npm/npm.plugin.zsh
[WRN][1658090467.0837764740] /home/neandreev/.antigen/antigen.zsh:1509
[WRN][1658090467.0837764740] Replaced hooked function.
[LOG][1658090467.0837929249] /home/neandreev/.antigen/antigen.zsh:1518
[LOG][1658090467.0837929249] Return from hook -antigen-load-source with 0
[LOG][1658090467.0838246346] /home/neandreev/.antigen/antigen.zsh:1518
[LOG][1658090467.0838246346] Return from hook antigen-bundle with 0
[WRN][1658090467.0838737488] /home/neandreev/.antigen/antigen.zsh:1469
[WRN][1658090467.0838737488] Updated meta: target antigen-bundle mode repeat type pre called 23
[WRN][1658090467.0838944912] /home/neandreev/.antigen/antigen.zsh:1484
[WRN][1658090467.0838944912] Processing hooks: antigen-bundle-cached
[WRN][1658090467.0839107037] /home/neandreev/.antigen/antigen.zsh:1487
[WRN][1658090467.0839107037] Pre hook: antigen-bundle-cached node
[WRN][1658090467.0839350224] /home/neandreev/.antigen/antigen.zsh:1505
[WRN][1658090467.0839350224] -antigen-hook-antigen-bundle node
[TRA][1658090467.0839531422] /home/neandreev/.antigen/antigen.zsh:1438
[TRA][1658090467.0839531422] Called antigen-bundle with node BUNDLE
[TRA][1658090467.0839531422] TRACE
-antigen-hook-antigen-bundle
-antigen-hook-handler
antigen-bundle
antigen-bundle-parallel-execute
antigen-apply-parallel-execute
-antigen-hook-handler
antigen-apply
-antigen-hook-antigen
-antigen-hook-handler
antigen
/home/neandreev/.zshrc
[WRN][1658090467.0841631889] /home/neandreev/.antigen/antigen.zsh:1469
[WRN][1658090467.0841631889] Updated meta: target -antigen-load-env mode repeat type replace called 5
[WRN][1658090467.0841894150] /home/neandreev/.antigen/antigen.zsh:1484
[WRN][1658090467.0841894150] Processing hooks: -antigen-load-env-cached
[WRN][1658090467.0842154026] /home/neandreev/.antigen/antigen.zsh:1498
[WRN][1658090467.0842154026] Replace hook: -antigen-load-env-cached dir /home/neandreev/.antigen/bundles/robbyrussell/oh-my-zsh btype plugin url https://github.com/robbyrussell/oh-my-zsh.git loc plugins/node name robbyrussell/oh-my-zsh make_local_clone true
[WRN][1658090467.0842535496] /home/neandreev/.antigen/antigen.zsh:1509
[WRN][1658090467.0842535496] Replaced hooked function.
[LOG][1658090467.0842711926] /home/neandreev/.antigen/antigen.zsh:1518
[LOG][1658090467.0842711926] Return from hook -antigen-load-env with 0
[WRN][1658090467.0843219757] /home/neandreev/.antigen/antigen.zsh:1469
[WRN][1658090467.0843219757] Updated meta: target -antigen-load-source mode repeat type replace called 5
[WRN][1658090467.0843443871] /home/neandreev/.antigen/antigen.zsh:1484
[WRN][1658090467.0843443871] Processing hooks: -antigen-load-source-cached
[WRN][1658090467.0843663216] /home/neandreev/.antigen/antigen.zsh:1498
[WRN][1658090467.0843663216] Replace hook: -antigen-load-source-cached /home/neandreev/.antigen/bundles/robbyrussell/oh-my-zsh/plugins/node/node.plugin.zsh
[WRN][1658090467.0843937397] /home/neandreev/.antigen/antigen.zsh:1509
[WRN][1658090467.0843937397] Replaced hooked function.
[LOG][1658090467.0844111443] /home/neandreev/.antigen/antigen.zsh:1518
[LOG][1658090467.0844111443] Return from hook -antigen-load-source with 0
[LOG][1658090467.0844430923] /home/neandreev/.antigen/antigen.zsh:1518
[LOG][1658090467.0844430923] Return from hook antigen-bundle with 0
[WRN][1658090467.0844926834] /home/neandreev/.antigen/antigen.zsh:1469
[WRN][1658090467.0844926834] Updated meta: target antigen-bundle mode repeat type pre called 24
[WRN][1658090467.0845136642] /home/neandreev/.antigen/antigen.zsh:1484
[WRN][1658090467.0845136642] Processing hooks: antigen-bundle-cached
[WRN][1658090467.0845301151] /home/neandreev/.antigen/antigen.zsh:1487
[WRN][1658090467.0845301151] Pre hook: antigen-bundle-cached sudo
[WRN][1658090467.0845544338] /home/neandreev/.antigen/antigen.zsh:1505
[WRN][1658090467.0845544338] -antigen-hook-antigen-bundle sudo
[TRA][1658090467.0845720768] /home/neandreev/.antigen/antigen.zsh:1438
[TRA][1658090467.0845720768] Called antigen-bundle with sudo BUNDLE
[TRA][1658090467.0845720768] TRACE
-antigen-hook-antigen-bundle
-antigen-hook-handler
antigen-bundle
antigen-bundle-parallel-execute
antigen-apply-parallel-execute
-antigen-hook-handler
antigen-apply
-antigen-hook-antigen
-antigen-hook-handler
antigen
/home/neandreev/.zshrc
[WRN][1658090467.0847845078] /home/neandreev/.antigen/antigen.zsh:1469
[WRN][1658090467.0847845078] Updated meta: target -antigen-load-env mode repeat type replace called 6
[WRN][1658090467.0848112106] /home/neandreev/.antigen/antigen.zsh:1484
[WRN][1658090467.0848112106] Processing hooks: -antigen-load-env-cached
[WRN][1658090467.0848379135] /home/neandreev/.antigen/antigen.zsh:1498
[WRN][1658090467.0848379135] Replace hook: -antigen-load-env-cached dir /home/neandreev/.antigen/bundles/robbyrussell/oh-my-zsh btype plugin url https://github.com/robbyrussell/oh-my-zsh.git loc plugins/sudo name robbyrussell/oh-my-zsh make_local_clone true
[WRN][1658090467.0848753452] /home/neandreev/.antigen/antigen.zsh:1509
[WRN][1658090467.0848753452] Replaced hooked function.
[LOG][1658090467.0848927498] /home/neandreev/.antigen/antigen.zsh:1518
[LOG][1658090467.0848927498] Return from hook -antigen-load-env with 0
[WRN][1658090467.0849428177] /home/neandreev/.antigen/antigen.zsh:1469
[WRN][1658090467.0849428177] Updated meta: target -antigen-load-source mode repeat type replace called 6
[WRN][1658090467.0849647522] /home/neandreev/.antigen/antigen.zsh:1484
[WRN][1658090467.0849647522] Processing hooks: -antigen-load-source-cached
[WRN][1658090467.0849862099] /home/neandreev/.antigen/antigen.zsh:1498
[WRN][1658090467.0849862099] Replace hook: -antigen-load-source-cached /home/neandreev/.antigen/bundles/robbyrussell/oh-my-zsh/plugins/sudo/sudo.plugin.zsh
[WRN][1658090467.0850105286] /home/neandreev/.antigen/antigen.zsh:1509
[WRN][1658090467.0850105286] Replaced hooked function.
[LOG][1658090467.0850272179] /home/neandreev/.antigen/antigen.zsh:1518
[LOG][1658090467.0850272179] Return from hook -antigen-load-source with 0
[LOG][1658090467.0850589275] /home/neandreev/.antigen/antigen.zsh:1518
[LOG][1658090467.0850589275] Return from hook antigen-bundle with 0
[WRN][1658090467.0851080418] /home/neandreev/.antigen/antigen.zsh:1469
[WRN][1658090467.0851080418] Updated meta: target antigen-bundle mode repeat type pre called 25
[WRN][1658090467.0851290226] /home/neandreev/.antigen/antigen.zsh:1484
[WRN][1658090467.0851290226] Processing hooks: antigen-bundle-cached
[WRN][1658090467.0851452351] /home/neandreev/.antigen/antigen.zsh:1487
[WRN][1658090467.0851452351] Pre hook: antigen-bundle-cached web-search
[WRN][1658090467.0851695538] /home/neandreev/.antigen/antigen.zsh:1505
[WRN][1658090467.0851695538] -antigen-hook-antigen-bundle web-search
[TRA][1658090467.0851871967] /home/neandreev/.antigen/antigen.zsh:1438
[TRA][1658090467.0851871967] Called antigen-bundle with web-search BUNDLE
[TRA][1658090467.0851871967] TRACE
-antigen-hook-antigen-bundle
-antigen-hook-handler
antigen-bundle
antigen-bundle-parallel-execute
antigen-apply-parallel-execute
-antigen-hook-handler
antigen-apply
-antigen-hook-antigen
-antigen-hook-handler
antigen
/home/neandreev/.zshrc
[WRN][1658090467.0854024887] /home/neandreev/.antigen/antigen.zsh:1469
[WRN][1658090467.0854024887] Updated meta: target -antigen-load-env mode repeat type replace called 7
[WRN][1658090467.0854289532] /home/neandreev/.antigen/antigen.zsh:1484
[WRN][1658090467.0854289532] Processing hooks: -antigen-load-env-cached
[WRN][1658090467.0854547024] /home/neandreev/.antigen/antigen.zsh:1498
[WRN][1658090467.0854547024] Replace hook: -antigen-load-env-cached dir /home/neandreev/.antigen/bundles/robbyrussell/oh-my-zsh btype plugin url https://github.com/robbyrussell/oh-my-zsh.git loc plugins/web-search name robbyrussell/oh-my-zsh make_local_clone true
[WRN][1658090467.0854923725] /home/neandreev/.antigen/antigen.zsh:1509
[WRN][1658090467.0854923725] Replaced hooked function.
[LOG][1658090467.0855100155] /home/neandreev/.antigen/antigen.zsh:1518
[LOG][1658090467.0855100155] Return from hook -antigen-load-env with 0
[WRN][1658090467.0855596066] /home/neandreev/.antigen/antigen.zsh:1469
[WRN][1658090467.0855596066] Updated meta: target -antigen-load-source mode repeat type replace called 7
[WRN][1658090467.0855817795] /home/neandreev/.antigen/antigen.zsh:1484
[WRN][1658090467.0855817795] Processing hooks: -antigen-load-source-cached
[WRN][1658090467.0856032372] /home/neandreev/.antigen/antigen.zsh:1498
[WRN][1658090467.0856032372] Replace hook: -antigen-load-source-cached /home/neandreev/.antigen/bundles/robbyrussell/oh-my-zsh/plugins/web-search/web-search.plugin.zsh
[WRN][1658090467.0856280327] /home/neandreev/.antigen/antigen.zsh:1509
[WRN][1658090467.0856280327] Replaced hooked function.
[LOG][1658090467.0856444836] /home/neandreev/.antigen/antigen.zsh:1518
[LOG][1658090467.0856444836] Return from hook -antigen-load-source with 0
[LOG][1658090467.0856757164] /home/neandreev/.antigen/antigen.zsh:1518
[LOG][1658090467.0856757164] Return from hook antigen-bundle with 0
[WRN][1658090467.0857250690] /home/neandreev/.antigen/antigen.zsh:1469
[WRN][1658090467.0857250690] Updated meta: target antigen-bundle mode repeat type pre called 26
[WRN][1658090467.0857458115] /home/neandreev/.antigen/antigen.zsh:1484
[WRN][1658090467.0857458115] Processing hooks: antigen-bundle-cached
[WRN][1658090467.0857620239] /home/neandreev/.antigen/antigen.zsh:1487
[WRN][1658090467.0857620239] Pre hook: antigen-bundle-cached zsh-users/zsh-syntax-highlighting
[WRN][1658090467.0857870579] /home/neandreev/.antigen/antigen.zsh:1505
[WRN][1658090467.0857870579] -antigen-hook-antigen-bundle zsh-users/zsh-syntax-highlighting
[TRA][1658090467.0858049393] /home/neandreev/.antigen/antigen.zsh:1438
[TRA][1658090467.0858049393] Called antigen-bundle with zsh-users/zsh-syntax-highlighting BUNDLE
[TRA][1658090467.0858049393] TRACE
-antigen-hook-antigen-bundle
-antigen-hook-handler
antigen-bundle
antigen-bundle-parallel-execute
antigen-apply-parallel-execute
-antigen-hook-handler
antigen-apply
-antigen-hook-antigen
-antigen-hook-handler
antigen
/home/neandreev/.zshrc
[WRN][1658090467.0860254765] /home/neandreev/.antigen/antigen.zsh:1469
[WRN][1658090467.0860254765] Updated meta: target -antigen-load-env mode repeat type replace called 8
[WRN][1658090467.0860519409] /home/neandreev/.antigen/antigen.zsh:1484
[WRN][1658090467.0860519409] Processing hooks: -antigen-load-env-cached
[WRN][1658090467.0860784054] /home/neandreev/.antigen/antigen.zsh:1498
[WRN][1658090467.0860784054] Replace hook: -antigen-load-env-cached dir /home/neandreev/.antigen/bundles/zsh-users/zsh-syntax-highlighting btype plugin url https://github.com/zsh-users/zsh-syntax-highlighting.git loc / name zsh-users/zsh-syntax-highlighting make_local_clone true
[WRN][1658090467.0861175060] /home/neandreev/.antigen/antigen.zsh:1509
[WRN][1658090467.0861175060] Replaced hooked function.
[LOG][1658090467.0861353874] /home/neandreev/.antigen/antigen.zsh:1518
[LOG][1658090467.0861353874] Return from hook -antigen-load-env with 0
[WRN][1658090467.0861883163] /home/neandreev/.antigen/antigen.zsh:1469
[WRN][1658090467.0861883163] Updated meta: target -antigen-load-source mode repeat type replace called 8
[WRN][1658090467.0862112045] /home/neandreev/.antigen/antigen.zsh:1484
[WRN][1658090467.0862112045] Processing hooks: -antigen-load-source-cached
[WRN][1658090467.0862329006] /home/neandreev/.antigen/antigen.zsh:1498
[WRN][1658090467.0862329006] Replace hook: -antigen-load-source-cached /home/neandreev/.antigen/bundles/zsh-users/zsh-syntax-highlighting///zsh-syntax-highlighting.plugin.zsh
[WRN][1658090467.0862576962] /home/neandreev/.antigen/antigen.zsh:1509
[WRN][1658090467.0862576962] Replaced hooked function.
[LOG][1658090467.0862743855] /home/neandreev/.antigen/antigen.zsh:1518
[LOG][1658090467.0862743855] Return from hook -antigen-load-source with 0
[LOG][1658090467.0863060951] /home/neandreev/.antigen/antigen.zsh:1518
[LOG][1658090467.0863060951] Return from hook antigen-bundle with 0
[WRN][1658090467.0863554478] /home/neandreev/.antigen/antigen.zsh:1469
[WRN][1658090467.0863554478] Updated meta: target antigen-bundle mode repeat type pre called 27
[WRN][1658090467.0863764286] /home/neandreev/.antigen/antigen.zsh:1484
[WRN][1658090467.0863764286] Processing hooks: antigen-bundle-cached
[WRN][1658090467.0863926411] /home/neandreev/.antigen/antigen.zsh:1487
[WRN][1658090467.0863926411] Pre hook: antigen-bundle-cached asdf
[WRN][1658090467.0864174366] /home/neandreev/.antigen/antigen.zsh:1505
[WRN][1658090467.0864174366] -antigen-hook-antigen-bundle asdf
[TRA][1658090467.0864350796] /home/neandreev/.antigen/antigen.zsh:1438
[TRA][1658090467.0864350796] Called antigen-bundle with asdf BUNDLE
[TRA][1658090467.0864350796] TRACE
-antigen-hook-antigen-bundle
-antigen-hook-handler
antigen-bundle
antigen-bundle-parallel-execute
antigen-apply-parallel-execute
-antigen-hook-handler
antigen-apply
-antigen-hook-antigen
-antigen-hook-handler
antigen
/home/neandreev/.zshrc
[WRN][1658090467.0866568089] /home/neandreev/.antigen/antigen.zsh:1469
[WRN][1658090467.0866568089] Updated meta: target -antigen-load-env mode repeat type replace called 9
[WRN][1658090467.0866858959] /home/neandreev/.antigen/antigen.zsh:1484
[WRN][1658090467.0866858959] Processing hooks: -antigen-load-env-cached
[WRN][1658090467.0867118835] /home/neandreev/.antigen/antigen.zsh:1498
[WRN][1658090467.0867118835] Replace hook: -antigen-load-env-cached dir /home/neandreev/.antigen/bundles/robbyrussell/oh-my-zsh btype plugin url https://github.com/robbyrussell/oh-my-zsh.git loc plugins/asdf name robbyrussell/oh-my-zsh make_local_clone true
[WRN][1658090467.0867490768] /home/neandreev/.antigen/antigen.zsh:1509
[WRN][1658090467.0867490768] Replaced hooked function.
[LOG][1658090467.0867664814] /home/neandreev/.antigen/antigen.zsh:1518
[LOG][1658090467.0867664814] Return from hook -antigen-load-env with 0
[WRN][1658090467.0868163109] /home/neandreev/.antigen/antigen.zsh:1469
[WRN][1658090467.0868163109] Updated meta: target -antigen-load-source mode repeat type replace called 9
[WRN][1658090467.0868382454] /home/neandreev/.antigen/antigen.zsh:1484
[WRN][1658090467.0868382454] Processing hooks: -antigen-load-source-cached
[WRN][1658090467.0868601799] /home/neandreev/.antigen/antigen.zsh:1498
[WRN][1658090467.0868601799] Replace hook: -antigen-load-source-cached /home/neandreev/.antigen/bundles/robbyrussell/oh-my-zsh/plugins/asdf/asdf.plugin.zsh
[WRN][1658090467.0868847370] /home/neandreev/.antigen/antigen.zsh:1509
[WRN][1658090467.0868847370] Replaced hooked function.
[LOG][1658090467.0869016647] /home/neandreev/.antigen/antigen.zsh:1518
[LOG][1658090467.0869016647] Return from hook -antigen-load-source with 0
[LOG][1658090467.0869338512] /home/neandreev/.antigen/antigen.zsh:1518
[LOG][1658090467.0869338512] Return from hook antigen-bundle with 0
[WRN][1658090467.0869567394] /home/neandreev/.antigen/antigen.zsh:1739
[WRN][1658090467.0869567394] Parallel install done PARALLEL
[WRN][1658090467.0870370865] /home/neandreev/.antigen/antigen.zsh:1462
[WRN][1658090467.0870370865] Ignoring hook due to mode once: antigen-apply-lock
[WRN][1658090467.0870649815] /home/neandreev/.antigen/antigen.zsh:1462
[WRN][1658090467.0870649815] Ignoring hook due to mode once: antigen-apply-parallel
[WRN][1658090467.0870869160] /home/neandreev/.antigen/antigen.zsh:1462
[WRN][1658090467.0870869160] Ignoring hook due to mode once: antigen-apply-defer
[WRN][1658090467.0871076584] /home/neandreev/.antigen/antigen.zsh:1462
[WRN][1658090467.0871076584] Ignoring hook due to mode once: antigen-apply-cached
[WRN][1658090467.0871238708] /home/neandreev/.antigen/antigen.zsh:1484
[WRN][1658090467.0871238708] Processing hooks: antigen-apply-lock antigen-apply-parallel antigen-apply-defer antigen-apply-cached
[WRN][1658090467.0871417522] /home/neandreev/.antigen/antigen.zsh:1505
[WRN][1658090467.0871417522] -antigen-hook-antigen-apply 
[LOG][1658090467.0871586800] /home/neandreev/.antigen/antigen.zsh:1438
[LOG][1658090467.0871586800] Called antigen-apply
[TRA][1658090467.0871737003] /home/neandreev/.antigen/antigen.zsh:1439
[TRA][1658090467.0871737003] Gonna create compdump file @ apply COMPDUMP
[TRA][1658090467.0871737003] TRACE
-antigen-hook-antigen-apply
-antigen-hook-handler
antigen-apply
antigen-apply-parallel-execute
-antigen-hook-handler
antigen-apply
-antigen-hook-antigen
-antigen-hook-handler
antigen
/home/neandreev/.zshrc
[LOG][1658090467.3077151775] /home/neandreev/.antigen/antigen.zsh:1518
[LOG][1658090467.3077151775] Return from hook antigen-apply with 0
[WRN][1658090467.3078255653] /home/neandreev/.antigen/antigen.zsh:1509
[WRN][1658090467.3078255653] Replaced hooked function.
[WRN][1658090467.3078529835] /home/neandreev/.antigen/antigen.zsh:1513
[WRN][1658090467.3078529835] Post hook: antigen-apply-lock
[WRN][1658090467.3078751564] /home/neandreev/.antigen/antigen.zsh:1676
[WRN][1658090467.3078751564] Freeing antigen-lock file at /home/neandreev/.antigen/.lock
[WRN][1658090467.3083724976] /home/neandreev/.antigen/antigen.zsh:1513
[WRN][1658090467.3083724976] Post hook: antigen-apply-cached
[LOG][1658090467.3084151745] /home/neandreev/.antigen/antigen.zsh:1893
[LOG][1658090467.3084151745] TRACE: /home/neandreev/.antigen/antigen.zsh:1514 /home/neandreev/.antigen/antigen.zsh:1441 /home/neandreev/.antigen/antigen.zsh:1447 /home/neandreev/.antigen/antigen.zsh:1506 /home/neandreev/.antigen/antigen.zsh:1441 /home/neandreev/.zshrc:22 zsh:0
[LOG][1658090467.3085641861] /home/neandreev/.antigen/antigen.zsh:1787
[LOG][1658090467.3085641861] Gonna generate cache for /home/neandreev/.antigen/bundles/robbyrussell/oh-my-zsh/lib /home/neandreev/.antigen/bundles/robbyrussell/oh-my-zsh/lib/bzr.zsh /home/neandreev/.antigen/bundles/robbyrussell/oh-my-zsh/lib/clipboard.zsh /home/neandreev/.antigen/bundles/robbyrussell/oh-my-zsh/lib/cli.zsh /home/neandreev/.antigen/bundles/robbyrussell/oh-my-zsh/lib/compfix.zsh /home/neandreev/.antigen/bundles/robbyrussell/oh-my-zsh/lib/completion.zsh /home/neandreev/.antigen/bundles/robbyrussell/oh-my-zsh/lib/correction.zsh /home/neandreev/.antigen/bundles/robbyrussell/oh-my-zsh/lib/diagnostics.zsh /home/neandreev/.antigen/bundles/robbyrussell/oh-my-zsh/lib/directories.zsh /home/neandreev/.antigen/bundles/robbyrussell/oh-my-zsh/lib/functions.zsh /home/neandreev/.antigen/bundles/robbyrussell/oh-my-zsh/lib/git.zsh /home/neandreev/.antigen/bundles/robbyrussell/oh-my-zsh/lib/grep.zsh /home/neandreev/.antigen/bundles/robbyrussell/oh-my-zsh/lib/history.zsh /home/neandreev/.antigen/bundles/robbyrussell/oh-my-zsh/lib/key-bindings.zsh /home/neandreev/.antigen/bundles/robbyrussell/oh-my-zsh/lib/misc.zsh /home/neandreev/.antigen/bundles/robbyrussell/oh-my-zsh/lib/nvm.zsh /home/neandreev/.antigen/bundles/robbyrussell/oh-my-zsh/lib/prompt_info_functions.zsh /home/neandreev/.antigen/bundles/robbyrussell/oh-my-zsh/lib/spectrum.zsh /home/neandreev/.antigen/bundles/robbyrussell/oh-my-zsh/lib/termsupport.zsh /home/neandreev/.antigen/bundles/robbyrussell/oh-my-zsh/lib/theme-and-appearance.zsh /home/neandreev/.antigen/bundles/robbyrussell/oh-my-zsh/lib/vcs_info.zsh /home/neandreev/.antigen/bundles/robbyrussell/oh-my-zsh/plugins/git /home/neandreev/.antigen/bundles/robbyrussell/oh-my-zsh/plugins/git/git.plugin.zsh /home/neandreev/.antigen/bundles/robbyrussell/oh-my-zsh/plugins/nvm /home/neandreev/.antigen/bundles/robbyrussell/oh-my-zsh/plugins/nvm/nvm.plugin.zsh /home/neandreev/.antigen/bundles/robbyrussell/oh-my-zsh/plugins/npm /home/neandreev/.antigen/bundles/robbyrussell/oh-my-zsh/plugins/npm/npm.plugin.zsh /home/neandreev/.antigen/bundles/robbyrussell/oh-my-zsh/plugins/node /home/neandreev/.antigen/bundles/robbyrussell/oh-my-zsh/plugins/node/node.plugin.zsh /home/neandreev/.antigen/bundles/robbyrussell/oh-my-zsh/plugins/sudo /home/neandreev/.antigen/bundles/robbyrussell/oh-my-zsh/plugins/sudo/sudo.plugin.zsh /home/neandreev/.antigen/bundles/robbyrussell/oh-my-zsh/plugins/web-search /home/neandreev/.antigen/bundles/robbyrussell/oh-my-zsh/plugins/web-search/web-search.plugin.zsh /home/neandreev/.antigen/bundles/zsh-users/zsh-syntax-highlighting// /home/neandreev/.antigen/bundles/zsh-users/zsh-syntax-highlighting///zsh-syntax-highlighting.plugin.zsh /home/neandreev/.antigen/bundles/robbyrussell/oh-my-zsh/plugins/asdf /home/neandreev/.antigen/bundles/robbyrussell/oh-my-zsh/plugins/asdf/asdf.plugin.zsh
[LOG][1658090467.3110883236] /home/neandreev/.antigen/antigen.zsh:1844
[LOG][1658090467.3110883236] CHECK_FILES /home/neandreev/.zshrc /home/neandreev/.zshrc
[LOG][1658090467.6456906796] /home/neandreev/.antigen/antigen.zsh:1518
[LOG][1658090467.6456906796] Return from hook antigen-apply with 0
[LOG][1658090467.6457479000] /home/neandreev/.antigen/antigen.zsh:1518
[LOG][1658090467.6457479000] Return from hook antigen with 0
